CRITICAL - 2020-08-29 10:21:37 --> Class 'app\ThirdParty\Eczane' not found
#0 C:\Users\lcladmin\Documents\eczane\eczanecim\system\CodeIgniter.php(918): App\Controllers\Home->index()
#1 C:\Users\lcladmin\Documents\eczane\eczanecim\system\CodeIgniter.php(404): CodeIgniter\CodeIgniter->runController(Object(App\Controllers\Home))
#2 C:\Users\lcladmin\Documents\eczane\eczanecim\system\CodeIgniter.php(312): CodeIgniter\CodeIgniter->handleRequest(NULL, Object(Config\Cache), false)
#3 C:\Users\lcladmin\Documents\eczane\eczanecim\public\index.php(45): CodeIgniter\CodeIgniter->run()
#4 C:\Users\lcladmin\Documents\eczane\eczanecim\system\Commands\Server\rewrite.php(34): require_once('C:\\Users\\lcladm...')
#5 {main}
CRITICAL - 2020-08-29 10:22:50 --> Class 'app\ThirdParty\Eczane' not found
#0 C:\Users\lcladmin\Documents\eczane\eczanecim\system\CodeIgniter.php(918): App\Controllers\Home->index()
#1 C:\Users\lcladmin\Documents\eczane\eczanecim\system\CodeIgniter.php(404): CodeIgniter\CodeIgniter->runController(Object(App\Controllers\Home))
#2 C:\Users\lcladmin\Documents\eczane\eczanecim\system\CodeIgniter.php(312): CodeIgniter\CodeIgniter->handleRequest(NULL, Object(Config\Cache), false)
#3 C:\Users\lcladmin\Documents\eczane\eczanecim\public\index.php(45): CodeIgniter\CodeIgniter->run()
#4 C:\Users\lcladmin\Documents\eczane\eczanecim\system\Commands\Server\rewrite.php(34): require_once('C:\\Users\\lcladm...')
#5 {main}
CRITICAL - 2020-08-29 10:23:26 --> Class 'app\ThirdParty\Eczane' not found
#0 C:\Users\lcladmin\Documents\eczane\eczanecim\system\CodeIgniter.php(918): App\Controllers\Home->index()
#1 C:\Users\lcladmin\Documents\eczane\eczanecim\system\CodeIgniter.php(404): CodeIgniter\CodeIgniter->runController(Object(App\Controllers\Home))
#2 C:\Users\lcladmin\Documents\eczane\eczanecim\system\CodeIgniter.php(312): CodeIgniter\CodeIgniter->handleRequest(NULL, Object(Config\Cache), false)
#3 C:\Users\lcladmin\Documents\eczane\eczanecim\public\index.php(45): CodeIgniter\CodeIgniter->run()
#4 C:\Users\lcladmin\Documents\eczane\eczanecim\system\Commands\Server\rewrite.php(34): require_once('C:\\Users\\lcladm...')
#5 {main}
CRITICAL - 2020-08-29 10:24:38 --> Call to private method App\ThirdParty\Eczane::ilceGetir() from context 'App\Controllers\Home'
#0 C:\Users\lcladmin\Documents\eczane\eczanecim\system\CodeIgniter.php(918): App\Controllers\Home->index()
#1 C:\Users\lcladmin\Documents\eczane\eczanecim\system\CodeIgniter.php(404): CodeIgniter\CodeIgniter->runController(Object(App\Controllers\Home))
#2 C:\Users\lcladmin\Documents\eczane\eczanecim\system\CodeIgniter.php(312): CodeIgniter\CodeIgniter->handleRequest(NULL, Object(Config\Cache), false)
#3 C:\Users\lcladmin\Documents\eczane\eczanecim\public\index.php(45): CodeIgniter\CodeIgniter->run()
#4 C:\Users\lcladmin\Documents\eczane\eczanecim\system\Commands\Server\rewrite.php(34): require_once('C:\\Users\\lcladm...')
#5 {main}
CRITICAL - 2020-08-29 10:26:21 --> Class 'App\ThirdParty\PDO' not found
#0 C:\Users\lcladmin\Documents\eczane\eczanecim\app\Controllers\Home.php(11): App\ThirdParty\Eczane->eczaneGetir('gungoren')
#1 C:\Users\lcladmin\Documents\eczane\eczanecim\system\CodeIgniter.php(918): App\Controllers\Home->index()
#2 C:\Users\lcladmin\Documents\eczane\eczanecim\system\CodeIgniter.php(404): CodeIgniter\CodeIgniter->runController(Object(App\Controllers\Home))
#3 C:\Users\lcladmin\Documents\eczane\eczanecim\system\CodeIgniter.php(312): CodeIgniter\CodeIgniter->handleRequest(NULL, Object(Config\Cache), false)
#4 C:\Users\lcladmin\Documents\eczane\eczanecim\public\index.php(45): CodeIgniter\CodeIgniter->run()
#5 C:\Users\lcladmin\Documents\eczane\eczanecim\system\Commands\Server\rewrite.php(34): require_once('C:\\Users\\lcladm...')
#6 {main}
CRITICAL - 2020-08-29 10:27:21 --> Undefined offset: 0
#0 C:\Users\lcladmin\Documents\eczane\eczanecim\app\ThirdParty\Eczane.php(78): CodeIgniter\Debug\Exceptions->errorHandler(8, 'Undefined offse...', 'C:\\Users\\lcladm...', 78, Array)
#1 C:\Users\lcladmin\Documents\eczane\eczanecim\app\ThirdParty\Eczane.php(12): App\ThirdParty\Eczane->Getir('https://www.ist...')
#2 C:\Users\lcladmin\Documents\eczane\eczanecim\app\Controllers\Home.php(10): App\ThirdParty\Eczane->__construct()
#3 C:\Users\lcladmin\Documents\eczane\eczanecim\system\CodeIgniter.php(918): App\Controllers\Home->index()
#4 C:\Users\lcladmin\Documents\eczane\eczanecim\system\CodeIgniter.php(404): CodeIgniter\CodeIgniter->runController(Object(App\Controllers\Home))
#5 C:\Users\lcladmin\Documents\eczane\eczanecim\system\CodeIgniter.php(312): CodeIgniter\CodeIgniter->handleRequest(NULL, Object(Config\Cache), false)
#6 C:\Users\lcladmin\Documents\eczane\eczanecim\public\index.php(45): CodeIgniter\CodeIgniter->run()
#7 C:\Users\lcladmin\Documents\eczane\eczanecim\system\Commands\Server\rewrite.php(34): require_once('C:\\Users\\lcladm...')
#8 {main}
CRITICAL - 2020-08-29 10:28:37 --> Invalid argument supplied for foreach()
#0 C:\Users\lcladmin\Documents\eczane\eczanecim\app\ThirdParty\Eczane.php(93): CodeIgniter\Debug\Exceptions->errorHandler(2, 'Invalid argumen...', 'C:\\Users\\lcladm...', 93, Array)
#1 C:\Users\lcladmin\Documents\eczane\eczanecim\app\Controllers\Home.php(11): App\ThirdParty\Eczane->eczaneGetir('gungoren')
#2 C:\Users\lcladmin\Documents\eczane\eczanecim\system\CodeIgniter.php(918): App\Controllers\Home->index()
#3 C:\Users\lcladmin\Documents\eczane\eczanecim\system\CodeIgniter.php(404): CodeIgniter\CodeIgniter->runController(Object(App\Controllers\Home))
#4 C:\Users\lcladmin\Documents\eczane\eczanecim\system\CodeIgniter.php(312): CodeIgniter\CodeIgniter->handleRequest(NULL, Object(Config\Cache), false)
#5 C:\Users\lcladmin\Documents\eczane\eczanecim\public\index.php(45): CodeIgniter\CodeIgniter->run()
#6 C:\Users\lcladmin\Documents\eczane\eczanecim\system\Commands\Server\rewrite.php(34): require_once('C:\\Users\\lcladm...')
#7 {main}
CRITICAL - 2020-08-29 10:29:07 --> Call to undefined method CodeIgniter\Database\SQLite3\Result::fetch()
#0 C:\Users\lcladmin\Documents\eczane\eczanecim\app\Controllers\Home.php(11): App\ThirdParty\Eczane->eczaneGetir('G\xC3\xBCng\xC3\xB6ren')
#1 C:\Users\lcladmin\Documents\eczane\eczanecim\system\CodeIgniter.php(918): App\Controllers\Home->index()
#2 C:\Users\lcladmin\Documents\eczane\eczanecim\system\CodeIgniter.php(404): CodeIgniter\CodeIgniter->runController(Object(App\Controllers\Home))
#3 C:\Users\lcladmin\Documents\eczane\eczanecim\system\CodeIgniter.php(312): CodeIgniter\CodeIgniter->handleRequest(NULL, Object(Config\Cache), false)
#4 C:\Users\lcladmin\Documents\eczane\eczanecim\public\index.php(45): CodeIgniter\CodeIgniter->run()
#5 C:\Users\lcladmin\Documents\eczane\eczanecim\system\Commands\Server\rewrite.php(34): require_once('C:\\Users\\lcladm...')
#6 {main}
CRITICAL - 2020-08-29 10:30:46 --> Call to undefined method CodeIgniter\Database\SQLite3\Result::fetch()
#0 C:\Users\lcladmin\Documents\eczane\eczanecim\app\Controllers\Home.php(11): App\ThirdParty\Eczane->eczaneGetir('G\xC3\xBCng\xC3\xB6ren')
#1 C:\Users\lcladmin\Documents\eczane\eczanecim\system\CodeIgniter.php(918): App\Controllers\Home->index()
#2 C:\Users\lcladmin\Documents\eczane\eczanecim\system\CodeIgniter.php(404): CodeIgniter\CodeIgniter->runController(Object(App\Controllers\Home))
#3 C:\Users\lcladmin\Documents\eczane\eczanecim\system\CodeIgniter.php(312): CodeIgniter\CodeIgniter->handleRequest(NULL, Object(Config\Cache), false)
#4 C:\Users\lcladmin\Documents\eczane\eczanecim\public\index.php(45): CodeIgniter\CodeIgniter->run()
#5 C:\Users\lcladmin\Documents\eczane\eczanecim\system\Commands\Server\rewrite.php(34): require_once('C:\\Users\\lcladm...')
#6 {main}
CRITICAL - 2020-08-29 10:31:36 --> Call to undefined method CodeIgniter\Database\SQLite3\Result::fetch()
#0 C:\Users\lcladmin\Documents\eczane\eczanecim\app\Controllers\Home.php(11): App\ThirdParty\Eczane->eczaneGetir('G\xC3\xBCng\xC3\xB6ren')
#1 C:\Users\lcladmin\Documents\eczane\eczanecim\system\CodeIgniter.php(918): App\Controllers\Home->index()
#2 C:\Users\lcladmin\Documents\eczane\eczanecim\system\CodeIgniter.php(404): CodeIgniter\CodeIgniter->runController(Object(App\Controllers\Home))
#3 C:\Users\lcladmin\Documents\eczane\eczanecim\system\CodeIgniter.php(312): CodeIgniter\CodeIgniter->handleRequest(NULL, Object(Config\Cache), false)
#4 C:\Users\lcladmin\Documents\eczane\eczanecim\public\index.php(45): CodeIgniter\CodeIgniter->run()
#5 C:\Users\lcladmin\Documents\eczane\eczanecim\system\Commands\Server\rewrite.php(34): require_once('C:\\Users\\lcladm...')
#6 {main}
CRITICAL - 2020-08-29 10:33:37 --> Call to undefined method CodeIgniter\Database\SQLite3\Result::fetch()
#0 C:\Users\lcladmin\Documents\eczane\eczanecim\app\Controllers\Home.php(11): App\ThirdParty\Eczane->eczaneGetir('G\xC3\xBCng\xC3\xB6ren')
#1 C:\Users\lcladmin\Documents\eczane\eczanecim\system\CodeIgniter.php(918): App\Controllers\Home->index()
#2 C:\Users\lcladmin\Documents\eczane\eczanecim\system\CodeIgniter.php(404): CodeIgniter\CodeIgniter->runController(Object(App\Controllers\Home))
#3 C:\Users\lcladmin\Documents\eczane\eczanecim\system\CodeIgniter.php(312): CodeIgniter\CodeIgniter->handleRequest(NULL, Object(Config\Cache), false)
#4 C:\Users\lcladmin\Documents\eczane\eczanecim\public\index.php(45): CodeIgniter\CodeIgniter->run()
#5 C:\Users\lcladmin\Documents\eczane\eczanecim\system\Commands\Server\rewrite.php(34): require_once('C:\\Users\\lcladm...')
#6 {main}
CRITICAL - 2020-08-29 10:42:07 --> Undefined variable: results
#0 C:\Users\lcladmin\Documents\eczane\eczanecim\app\Views\nobetci.php(9): CodeIgniter\Debug\Exceptions->errorHandler(8, 'Undefined varia...', 'C:\\Users\\lcladm...', 9, Array)
#1 C:\Users\lcladmin\Documents\eczane\eczanecim\system\View\View.php(246): include('C:\\Users\\lcladm...')
#2 C:\Users\lcladmin\Documents\eczane\eczanecim\system\Common.php(1119): CodeIgniter\View\View->render('nobetci', Array, true)
#3 C:\Users\lcladmin\Documents\eczane\eczanecim\app\Controllers\Nobetci.php(10): view('nobetci')
#4 C:\Users\lcladmin\Documents\eczane\eczanecim\system\CodeIgniter.php(918): App\Controllers\Nobetci->eczane('kucukcekmece')
#5 C:\Users\lcladmin\Documents\eczane\eczanecim\system\CodeIgniter.php(404): CodeIgniter\CodeIgniter->runController(Object(App\Controllers\Nobetci))
#6 C:\Users\lcladmin\Documents\eczane\eczanecim\system\CodeIgniter.php(312): CodeIgniter\CodeIgniter->handleRequest(NULL, Object(Config\Cache), false)
#7 C:\Users\lcladmin\Documents\eczane\eczanecim\public\index.php(45): CodeIgniter\CodeIgniter->run()
#8 C:\Users\lcladmin\Documents\eczane\eczanecim\system\Commands\Server\rewrite.php(34): require_once('C:\\Users\\lcladm...')
#9 {main}
CRITICAL - 2020-08-29 10:42:46 --> Undefined variable: results
#0 C:\Users\lcladmin\Documents\eczane\eczanecim\app\Views\nobetci.php(9): CodeIgniter\Debug\Exceptions->errorHandler(8, 'Undefined varia...', 'C:\\Users\\lcladm...', 9, Array)
#1 C:\Users\lcladmin\Documents\eczane\eczanecim\system\View\View.php(246): include('C:\\Users\\lcladm...')
#2 C:\Users\lcladmin\Documents\eczane\eczanecim\system\Common.php(1119): CodeIgniter\View\View->render('nobetci', Array, true)
#3 C:\Users\lcladmin\Documents\eczane\eczanecim\app\Controllers\Nobetci.php(12): view('nobetci')
#4 C:\Users\lcladmin\Documents\eczane\eczanecim\system\CodeIgniter.php(918): App\Controllers\Nobetci->eczane('kucukcekmece')
#5 C:\Users\lcladmin\Documents\eczane\eczanecim\system\CodeIgniter.php(404): CodeIgniter\CodeIgniter->runController(Object(App\Controllers\Nobetci))
#6 C:\Users\lcladmin\Documents\eczane\eczanecim\system\CodeIgniter.php(312): CodeIgniter\CodeIgniter->handleRequest(NULL, Object(Config\Cache), false)
#7 C:\Users\lcladmin\Documents\eczane\eczanecim\public\index.php(45): CodeIgniter\CodeIgniter->run()
#8 C:\Users\lcladmin\Documents\eczane\eczanecim\system\Commands\Server\rewrite.php(34): require_once('C:\\Users\\lcladm...')
#9 {main}
CRITICAL - 2020-08-29 10:42:49 --> Undefined variable: results
#0 C:\Users\lcladmin\Documents\eczane\eczanecim\app\Views\nobetci.php(9): CodeIgniter\Debug\Exceptions->errorHandler(8, 'Undefined varia...', 'C:\\Users\\lcladm...', 9, Array)
#1 C:\Users\lcladmin\Documents\eczane\eczanecim\system\View\View.php(246): include('C:\\Users\\lcladm...')
#2 C:\Users\lcladmin\Documents\eczane\eczanecim\system\Common.php(1119): CodeIgniter\View\View->render('nobetci', Array, true)
#3 C:\Users\lcladmin\Documents\eczane\eczanecim\app\Controllers\Nobetci.php(12): view('nobetci')
#4 C:\Users\lcladmin\Documents\eczane\eczanecim\system\CodeIgniter.php(918): App\Controllers\Nobetci->eczane('kucukcekmece')
#5 C:\Users\lcladmin\Documents\eczane\eczanecim\system\CodeIgniter.php(404): CodeIgniter\CodeIgniter->runController(Object(App\Controllers\Nobetci))
#6 C:\Users\lcladmin\Documents\eczane\eczanecim\system\CodeIgniter.php(312): CodeIgniter\CodeIgniter->handleRequest(NULL, Object(Config\Cache), false)
#7 C:\Users\lcladmin\Documents\eczane\eczanecim\public\index.php(45): CodeIgniter\CodeIgniter->run()
#8 C:\Users\lcladmin\Documents\eczane\eczanecim\system\Commands\Server\rewrite.php(34): require_once('C:\\Users\\lcladm...')
#9 {main}
CRITICAL - 2020-08-29 10:42:50 --> Undefined variable: results
#0 C:\Users\lcladmin\Documents\eczane\eczanecim\app\Views\nobetci.php(9): CodeIgniter\Debug\Exceptions->errorHandler(8, 'Undefined varia...', 'C:\\Users\\lcladm...', 9, Array)
#1 C:\Users\lcladmin\Documents\eczane\eczanecim\system\View\View.php(246): include('C:\\Users\\lcladm...')
#2 C:\Users\lcladmin\Documents\eczane\eczanecim\system\Common.php(1119): CodeIgniter\View\View->render('nobetci', Array, true)
#3 C:\Users\lcladmin\Documents\eczane\eczanecim\app\Controllers\Nobetci.php(12): view('nobetci')
#4 C:\Users\lcladmin\Documents\eczane\eczanecim\system\CodeIgniter.php(918): App\Controllers\Nobetci->eczane('kucukcekmece')
#5 C:\Users\lcladmin\Documents\eczane\eczanecim\system\CodeIgniter.php(404): CodeIgniter\CodeIgniter->runController(Object(App\Controllers\Nobetci))
#6 C:\Users\lcladmin\Documents\eczane\eczanecim\system\CodeIgniter.php(312): CodeIgniter\CodeIgniter->handleRequest(NULL, Object(Config\Cache), false)
#7 C:\Users\lcladmin\Documents\eczane\eczanecim\public\index.php(45): CodeIgniter\CodeIgniter->run()
#8 C:\Users\lcladmin\Documents\eczane\eczanecim\system\Commands\Server\rewrite.php(34): require_once('C:\\Users\\lcladm...')
#9 {main}
CRITICAL - 2020-08-29 10:42:51 --> Undefined variable: results
#0 C:\Users\lcladmin\Documents\eczane\eczanecim\app\Views\nobetci.php(9): CodeIgniter\Debug\Exceptions->errorHandler(8, 'Undefined varia...', 'C:\\Users\\lcladm...', 9, Array)
#1 C:\Users\lcladmin\Documents\eczane\eczanecim\system\View\View.php(246): include('C:\\Users\\lcladm...')
#2 C:\Users\lcladmin\Documents\eczane\eczanecim\system\Common.php(1119): CodeIgniter\View\View->render('nobetci', Array, true)
#3 C:\Users\lcladmin\Documents\eczane\eczanecim\app\Controllers\Nobetci.php(12): view('nobetci')
#4 C:\Users\lcladmin\Documents\eczane\eczanecim\system\CodeIgniter.php(918): App\Controllers\Nobetci->eczane('kucukcekmece')
#5 C:\Users\lcladmin\Documents\eczane\eczanecim\system\CodeIgniter.php(404): CodeIgniter\CodeIgniter->runController(Object(App\Controllers\Nobetci))
#6 C:\Users\lcladmin\Documents\eczane\eczanecim\system\CodeIgniter.php(312): CodeIgniter\CodeIgniter->handleRequest(NULL, Object(Config\Cache), false)
#7 C:\Users\lcladmin\Documents\eczane\eczanecim\public\index.php(45): CodeIgniter\CodeIgniter->run()
#8 C:\Users\lcladmin\Documents\eczane\eczanecim\system\Commands\Server\rewrite.php(34): require_once('C:\\Users\\lcladm...')
#9 {main}
CRITICAL - 2020-08-29 10:42:51 --> Undefined variable: results
#0 C:\Users\lcladmin\Documents\eczane\eczanecim\app\Views\nobetci.php(9): CodeIgniter\Debug\Exceptions->errorHandler(8, 'Undefined varia...', 'C:\\Users\\lcladm...', 9, Array)
#1 C:\Users\lcladmin\Documents\eczane\eczanecim\system\View\View.php(246): include('C:\\Users\\lcladm...')
#2 C:\Users\lcladmin\Documents\eczane\eczanecim\system\Common.php(1119): CodeIgniter\View\View->render('nobetci', Array, true)
#3 C:\Users\lcladmin\Documents\eczane\eczanecim\app\Controllers\Nobetci.php(12): view('nobetci')
#4 C:\Users\lcladmin\Documents\eczane\eczanecim\system\CodeIgniter.php(918): App\Controllers\Nobetci->eczane('kucukcekmece')
#5 C:\Users\lcladmin\Documents\eczane\eczanecim\system\CodeIgniter.php(404): CodeIgniter\CodeIgniter->runController(Object(App\Controllers\Nobetci))
#6 C:\Users\lcladmin\Documents\eczane\eczanecim\system\CodeIgniter.php(312): CodeIgniter\CodeIgniter->handleRequest(NULL, Object(Config\Cache), false)
#7 C:\Users\lcladmin\Documents\eczane\eczanecim\public\index.php(45): CodeIgniter\CodeIgniter->run()
#8 C:\Users\lcladmin\Documents\eczane\eczanecim\system\Commands\Server\rewrite.php(34): require_once('C:\\Users\\lcladm...')
#9 {main}
CRITICAL - 2020-08-29 10:43:07 --> Undefined variable: results
#0 C:\Users\lcladmin\Documents\eczane\eczanecim\app\Views\nobetci.php(9): CodeIgniter\Debug\Exceptions->errorHandler(8, 'Undefined varia...', 'C:\\Users\\lcladm...', 9, Array)
#1 C:\Users\lcladmin\Documents\eczane\eczanecim\system\View\View.php(246): include('C:\\Users\\lcladm...')
#2 C:\Users\lcladmin\Documents\eczane\eczanecim\system\Common.php(1119): CodeIgniter\View\View->render('nobetci', Array, true)
#3 C:\Users\lcladmin\Documents\eczane\eczanecim\app\Controllers\Nobetci.php(12): view('nobetci')
#4 C:\Users\lcladmin\Documents\eczane\eczanecim\system\CodeIgniter.php(918): App\Controllers\Nobetci->eczane('kucukcekmece')
#5 C:\Users\lcladmin\Documents\eczane\eczanecim\system\CodeIgniter.php(404): CodeIgniter\CodeIgniter->runController(Object(App\Controllers\Nobetci))
#6 C:\Users\lcladmin\Documents\eczane\eczanecim\system\CodeIgniter.php(312): CodeIgniter\CodeIgniter->handleRequest(NULL, Object(Config\Cache), false)
#7 C:\Users\lcladmin\Documents\eczane\eczanecim\public\index.php(45): CodeIgniter\CodeIgniter->run()
#8 C:\Users\lcladmin\Documents\eczane\eczanecim\system\Commands\Server\rewrite.php(34): require_once('C:\\Users\\lcladm...')
#9 {main}
CRITICAL - 2020-08-29 10:48:34 --> Undefined variable: ec
#0 C:\Users\lcladmin\Documents\eczane\eczanecim\app\Views\nobetci.php(13): CodeIgniter\Debug\Exceptions->errorHandler(8, 'Undefined varia...', 'C:\\Users\\lcladm...', 13, Array)
#1 C:\Users\lcladmin\Documents\eczane\eczanecim\system\View\View.php(246): include('C:\\Users\\lcladm...')
#2 C:\Users\lcladmin\Documents\eczane\eczanecim\system\Common.php(1119): CodeIgniter\View\View->render('nobetci', Array, true)
#3 C:\Users\lcladmin\Documents\eczane\eczanecim\app\Controllers\Nobetci.php(14): view('nobetci', Array)
#4 C:\Users\lcladmin\Documents\eczane\eczanecim\system\CodeIgniter.php(918): App\Controllers\Nobetci->eczane('arnavutkoy')
#5 C:\Users\lcladmin\Documents\eczane\eczanecim\system\CodeIgniter.php(404): CodeIgniter\CodeIgniter->runController(Object(App\Controllers\Nobetci))
#6 C:\Users\lcladmin\Documents\eczane\eczanecim\system\CodeIgniter.php(312): CodeIgniter\CodeIgniter->handleRequest(NULL, Object(Config\Cache), false)
#7 C:\Users\lcladmin\Documents\eczane\eczanecim\public\index.php(45): CodeIgniter\CodeIgniter->run()
#8 C:\Users\lcladmin\Documents\eczane\eczanecim\system\Commands\Server\rewrite.php(34): require_once('C:\\Users\\lcladm...')
#9 {main}
CRITICAL - 2020-08-29 10:51:36 --> Undefined variable: ec
#0 C:\Users\lcladmin\Documents\eczane\eczanecim\app\Views\nobetci.php(13): CodeIgniter\Debug\Exceptions->errorHandler(8, 'Undefined varia...', 'C:\\Users\\lcladm...', 13, Array)
#1 C:\Users\lcladmin\Documents\eczane\eczanecim\system\View\View.php(246): include('C:\\Users\\lcladm...')
#2 C:\Users\lcladmin\Documents\eczane\eczanecim\system\Common.php(1119): CodeIgniter\View\View->render('nobetci', Array, true)
#3 C:\Users\lcladmin\Documents\eczane\eczanecim\app\Controllers\Nobetci.php(14): view('nobetci', Array)
#4 C:\Users\lcladmin\Documents\eczane\eczanecim\system\CodeIgniter.php(918): App\Controllers\Nobetci->eczane('arnavutkoy')
#5 C:\Users\lcladmin\Documents\eczane\eczanecim\system\CodeIgniter.php(404): CodeIgniter\CodeIgniter->runController(Object(App\Controllers\Nobetci))
#6 C:\Users\lcladmin\Documents\eczane\eczanecim\system\CodeIgniter.php(312): CodeIgniter\CodeIgniter->handleRequest(NULL, Object(Config\Cache), false)
#7 C:\Users\lcladmin\Documents\eczane\eczanecim\public\index.php(45): CodeIgniter\CodeIgniter->run()
#8 C:\Users\lcladmin\Documents\eczane\eczanecim\system\Commands\Server\rewrite.php(34): require_once('C:\\Users\\lcladm...')
#9 {main}
CRITICAL - 2020-08-29 10:52:13 --> Undefined variable: ec
#0 C:\Users\lcladmin\Documents\eczane\eczanecim\app\Views\nobetci.php(13): CodeIgniter\Debug\Exceptions->errorHandler(8, 'Undefined varia...', 'C:\\Users\\lcladm...', 13, Array)
#1 C:\Users\lcladmin\Documents\eczane\eczanecim\system\View\View.php(246): include('C:\\Users\\lcladm...')
#2 C:\Users\lcladmin\Documents\eczane\eczanecim\system\Common.php(1119): CodeIgniter\View\View->render('nobetci', Array, true)
#3 C:\Users\lcladmin\Documents\eczane\eczanecim\app\Controllers\Nobetci.php(14): view('nobetci', Array)
#4 C:\Users\lcladmin\Documents\eczane\eczanecim\system\CodeIgniter.php(918): App\Controllers\Nobetci->eczane('arnavutkoy')
#5 C:\Users\lcladmin\Documents\eczane\eczanecim\system\CodeIgniter.php(404): CodeIgniter\CodeIgniter->runController(Object(App\Controllers\Nobetci))
#6 C:\Users\lcladmin\Documents\eczane\eczanecim\system\CodeIgniter.php(312): CodeIgniter\CodeIgniter->handleRequest(NULL, Object(Config\Cache), false)
#7 C:\Users\lcladmin\Documents\eczane\eczanecim\public\index.php(45): CodeIgniter\CodeIgniter->run()
#8 C:\Users\lcladmin\Documents\eczane\eczanecim\system\Commands\Server\rewrite.php(34): require_once('C:\\Users\\lcladm...')
#9 {main}
CRITICAL - 2020-08-29 11:52:05 --> Trying to get property 'eczane_ad' of non-object
#0 C:\Users\lcladmin\Documents\eczane\eczanecim\app\Views\nobetci.php(21): CodeIgniter\Debug\Exceptions->errorHandler(8, 'Trying to get p...', 'C:\\Users\\lcladm...', 21, Array)
#1 C:\Users\lcladmin\Documents\eczane\eczanecim\system\View\View.php(246): include('C:\\Users\\lcladm...')
#2 C:\Users\lcladmin\Documents\eczane\eczanecim\system\Common.php(1119): CodeIgniter\View\View->render('nobetci', Array, true)
#3 C:\Users\lcladmin\Documents\eczane\eczanecim\app\Controllers\Nobetci.php(14): view('nobetci', Array)
#4 C:\Users\lcladmin\Documents\eczane\eczanecim\system\CodeIgniter.php(918): App\Controllers\Nobetci->eczane('arnavutkoy')
#5 C:\Users\lcladmin\Documents\eczane\eczanecim\system\CodeIgniter.php(404): CodeIgniter\CodeIgniter->runController(Object(App\Controllers\Nobetci))
#6 C:\Users\lcladmin\Documents\eczane\eczanecim\system\CodeIgniter.php(312): CodeIgniter\CodeIgniter->handleRequest(NULL, Object(Config\Cache), false)
#7 C:\Users\lcladmin\Documents\eczane\eczanecim\public\index.php(45): CodeIgniter\CodeIgniter->run()
#8 C:\Users\lcladmin\Documents\eczane\eczanecim\system\Commands\Server\rewrite.php(34): require_once('C:\\Users\\lcladm...')
#9 {main}
CRITICAL - 2020-08-29 11:53:57 --> syntax error, unexpected '$ecz' (T_VARIABLE), expecting :: (T_PAAMAYIM_NEKUDOTAYIM)
#0 C:\Users\lcladmin\Documents\eczane\eczanecim\system\Common.php(1119): CodeIgniter\View\View->render('nobetci', Array, true)
#1 C:\Users\lcladmin\Documents\eczane\eczanecim\app\Controllers\Nobetci.php(14): view('nobetci', Array)
#2 C:\Users\lcladmin\Documents\eczane\eczanecim\system\CodeIgniter.php(918): App\Controllers\Nobetci->eczane('arnavutkoy')
#3 C:\Users\lcladmin\Documents\eczane\eczanecim\system\CodeIgniter.php(404): CodeIgniter\CodeIgniter->runController(Object(App\Controllers\Nobetci))
#4 C:\Users\lcladmin\Documents\eczane\eczanecim\system\CodeIgniter.php(312): CodeIgniter\CodeIgniter->handleRequest(NULL, Object(Config\Cache), false)
#5 C:\Users\lcladmin\Documents\eczane\eczanecim\public\index.php(45): CodeIgniter\CodeIgniter->run()
#6 C:\Users\lcladmin\Documents\eczane\eczanecim\system\Commands\Server\rewrite.php(34): require_once('C:\\Users\\lcladm...')
#7 {main}
CRITICAL - 2020-08-29 11:54:09 --> syntax error, unexpected '.', expecting :: (T_PAAMAYIM_NEKUDOTAYIM)
#0 C:\Users\lcladmin\Documents\eczane\eczanecim\system\Common.php(1119): CodeIgniter\View\View->render('nobetci', Array, true)
#1 C:\Users\lcladmin\Documents\eczane\eczanecim\app\Controllers\Nobetci.php(14): view('nobetci', Array)
#2 C:\Users\lcladmin\Documents\eczane\eczanecim\system\CodeIgniter.php(918): App\Controllers\Nobetci->eczane('arnavutkoy')
#3 C:\Users\lcladmin\Documents\eczane\eczanecim\system\CodeIgniter.php(404): CodeIgniter\CodeIgniter->runController(Object(App\Controllers\Nobetci))
#4 C:\Users\lcladmin\Documents\eczane\eczanecim\system\CodeIgniter.php(312): CodeIgniter\CodeIgniter->handleRequest(NULL, Object(Config\Cache), false)
#5 C:\Users\lcladmin\Documents\eczane\eczanecim\public\index.php(45): CodeIgniter\CodeIgniter->run()
#6 C:\Users\lcladmin\Documents\eczane\eczanecim\system\Commands\Server\rewrite.php(34): require_once('C:\\Users\\lcladm...')
#7 {main}
CRITICAL - 2020-08-29 11:58:36 --> syntax error, unexpected '$ecz' (T_VARIABLE), expecting ';' or ','
#0 C:\Users\lcladmin\Documents\eczane\eczanecim\system\Common.php(1119): CodeIgniter\View\View->render('nobetci', Array, true)
#1 C:\Users\lcladmin\Documents\eczane\eczanecim\app\Controllers\Nobetci.php(14): view('nobetci', Array)
#2 C:\Users\lcladmin\Documents\eczane\eczanecim\system\CodeIgniter.php(918): App\Controllers\Nobetci->eczane('arnavutkoy')
#3 C:\Users\lcladmin\Documents\eczane\eczanecim\system\CodeIgniter.php(404): CodeIgniter\CodeIgniter->runController(Object(App\Controllers\Nobetci))
#4 C:\Users\lcladmin\Documents\eczane\eczanecim\system\CodeIgniter.php(312): CodeIgniter\CodeIgniter->handleRequest(NULL, Object(Config\Cache), false)
#5 C:\Users\lcladmin\Documents\eczane\eczanecim\public\index.php(45): CodeIgniter\CodeIgniter->run()
#6 C:\Users\lcladmin\Documents\eczane\eczanecim\system\Commands\Server\rewrite.php(34): require_once('C:\\Users\\lcladm...')
#7 {main}
CRITICAL - 2020-08-29 11:59:14 --> syntax error, unexpected '$ecz' (T_VARIABLE), expecting ';' or ','
#0 C:\Users\lcladmin\Documents\eczane\eczanecim\system\Common.php(1119): CodeIgniter\View\View->render('nobetci', Array, true)
#1 C:\Users\lcladmin\Documents\eczane\eczanecim\app\Controllers\Nobetci.php(14): view('nobetci', Array)
#2 C:\Users\lcladmin\Documents\eczane\eczanecim\system\CodeIgniter.php(918): App\Controllers\Nobetci->eczane('arnavutkoy')
#3 C:\Users\lcladmin\Documents\eczane\eczanecim\system\CodeIgniter.php(404): CodeIgniter\CodeIgniter->runController(Object(App\Controllers\Nobetci))
#4 C:\Users\lcladmin\Documents\eczane\eczanecim\system\CodeIgniter.php(312): CodeIgniter\CodeIgniter->handleRequest(NULL, Object(Config\Cache), false)
#5 C:\Users\lcladmin\Documents\eczane\eczanecim\public\index.php(45): CodeIgniter\CodeIgniter->run()
#6 C:\Users\lcladmin\Documents\eczane\eczanecim\system\Commands\Server\rewrite.php(34): require_once('C:\\Users\\lcladm...')
#7 {main}
CRITICAL - 2020-08-29 12:02:07 --> Undefined offset: 0
#0 C:\Users\lcladmin\Documents\eczane\eczanecim\app\ThirdParty\Eczane.php(78): CodeIgniter\Debug\Exceptions->errorHandler(8, 'Undefined offse...', 'C:\\Users\\lcladm...', 78, Array)
#1 C:\Users\lcladmin\Documents\eczane\eczanecim\app\ThirdParty\Eczane.php(12): App\ThirdParty\Eczane->Getir('https://www.ist...')
#2 C:\Users\lcladmin\Documents\eczane\eczanecim\app\Controllers\Nobetci.php(8): App\ThirdParty\Eczane->__construct()
#3 C:\Users\lcladmin\Documents\eczane\eczanecim\system\CodeIgniter.php(918): App\Controllers\Nobetci->eczane('bakirkoy')
#4 C:\Users\lcladmin\Documents\eczane\eczanecim\system\CodeIgniter.php(404): CodeIgniter\CodeIgniter->runController(Object(App\Controllers\Nobetci))
#5 C:\Users\lcladmin\Documents\eczane\eczanecim\system\CodeIgniter.php(312): CodeIgniter\CodeIgniter->handleRequest(NULL, Object(Config\Cache), false)
#6 C:\Users\lcladmin\Documents\eczane\eczanecim\public\index.php(45): CodeIgniter\CodeIgniter->run()
#7 C:\Users\lcladmin\Documents\eczane\eczanecim\system\Commands\Server\rewrite.php(34): require_once('C:\\Users\\lcladm...')
#8 {main}
CRITICAL - 2020-08-29 12:02:39 --> Undefined offset: 0
#0 C:\Users\lcladmin\Documents\eczane\eczanecim\app\ThirdParty\Eczane.php(78): CodeIgniter\Debug\Exceptions->errorHandler(8, 'Undefined offse...', 'C:\\Users\\lcladm...', 78, Array)
#1 C:\Users\lcladmin\Documents\eczane\eczanecim\app\ThirdParty\Eczane.php(12): App\ThirdParty\Eczane->Getir('https://www.ist...')
#2 C:\Users\lcladmin\Documents\eczane\eczanecim\app\Controllers\Nobetci.php(8): App\ThirdParty\Eczane->__construct()
#3 C:\Users\lcladmin\Documents\eczane\eczanecim\system\CodeIgniter.php(918): App\Controllers\Nobetci->eczane('bakirkoy')
#4 C:\Users\lcladmin\Documents\eczane\eczanecim\system\CodeIgniter.php(404): CodeIgniter\CodeIgniter->runController(Object(App\Controllers\Nobetci))
#5 C:\Users\lcladmin\Documents\eczane\eczanecim\system\CodeIgniter.php(312): CodeIgniter\CodeIgniter->handleRequest(NULL, Object(Config\Cache), false)
#6 C:\Users\lcladmin\Documents\eczane\eczanecim\public\index.php(45): CodeIgniter\CodeIgniter->run()
#7 C:\Users\lcladmin\Documents\eczane\eczanecim\system\Commands\Server\rewrite.php(34): require_once('C:\\Users\\lcladm...')
#8 {main}
CRITICAL - 2020-08-29 12:03:06 --> Undefined offset: 0
#0 C:\Users\lcladmin\Documents\eczane\eczanecim\app\ThirdParty\Eczane.php(78): CodeIgniter\Debug\Exceptions->errorHandler(8, 'Undefined offse...', 'C:\\Users\\lcladm...', 78, Array)
#1 C:\Users\lcladmin\Documents\eczane\eczanecim\app\ThirdParty\Eczane.php(12): App\ThirdParty\Eczane->Getir('https://www.ist...')
#2 C:\Users\lcladmin\Documents\eczane\eczanecim\app\Controllers\Nobetci.php(8): App\ThirdParty\Eczane->__construct()
#3 C:\Users\lcladmin\Documents\eczane\eczanecim\system\CodeIgniter.php(918): App\Controllers\Nobetci->eczane('bakirkoy')
#4 C:\Users\lcladmin\Documents\eczane\eczanecim\system\CodeIgniter.php(404): CodeIgniter\CodeIgniter->runController(Object(App\Controllers\Nobetci))
#5 C:\Users\lcladmin\Documents\eczane\eczanecim\system\CodeIgniter.php(312): CodeIgniter\CodeIgniter->handleRequest(NULL, Object(Config\Cache), false)
#6 C:\Users\lcladmin\Documents\eczane\eczanecim\public\index.php(45): CodeIgniter\CodeIgniter->run()
#7 C:\Users\lcladmin\Documents\eczane\eczanecim\system\Commands\Server\rewrite.php(34): require_once('C:\\Users\\lcladm...')
#8 {main}
CRITICAL - 2020-08-29 12:06:36 --> Undefined offset: 0
#0 C:\Users\lcladmin\Documents\eczane\eczanecim\app\ThirdParty\Eczane.php(78): CodeIgniter\Debug\Exceptions->errorHandler(8, 'Undefined offse...', 'C:\\Users\\lcladm...', 78, Array)
#1 C:\Users\lcladmin\Documents\eczane\eczanecim\app\ThirdParty\Eczane.php(12): App\ThirdParty\Eczane->Getir('https://www.ist...')
#2 C:\Users\lcladmin\Documents\eczane\eczanecim\app\Controllers\Nobetci.php(8): App\ThirdParty\Eczane->__construct()
#3 C:\Users\lcladmin\Documents\eczane\eczanecim\system\CodeIgniter.php(918): App\Controllers\Nobetci->eczane('bakirkoy')
#4 C:\Users\lcladmin\Documents\eczane\eczanecim\system\CodeIgniter.php(404): CodeIgniter\CodeIgniter->runController(Object(App\Controllers\Nobetci))
#5 C:\Users\lcladmin\Documents\eczane\eczanecim\system\CodeIgniter.php(312): CodeIgniter\CodeIgniter->handleRequest(NULL, Object(Config\Cache), false)
#6 C:\Users\lcladmin\Documents\eczane\eczanecim\public\index.php(45): CodeIgniter\CodeIgniter->run()
#7 C:\Users\lcladmin\Documents\eczane\eczanecim\system\Commands\Server\rewrite.php(34): require_once('C:\\Users\\lcladm...')
#8 {main}
CRITICAL - 2020-08-29 12:23:08 --> Use of undefined constant ilce_sec - assumed 'ilce_sec' (this will throw an Error in a future version of PHP)
#0 C:\Users\lcladmin\Documents\eczane\eczanecim\app\Views\nobetci.php(8): CodeIgniter\Debug\Exceptions->errorHandler(2, 'Use of undefine...', 'C:\\Users\\lcladm...', 8, Array)
#1 C:\Users\lcladmin\Documents\eczane\eczanecim\system\View\View.php(246): include('C:\\Users\\lcladm...')
#2 C:\Users\lcladmin\Documents\eczane\eczanecim\system\Common.php(1119): CodeIgniter\View\View->render('nobetci', Array, true)
#3 C:\Users\lcladmin\Documents\eczane\eczanecim\app\Controllers\Nobetci.php(15): view('nobetci', Array)
#4 C:\Users\lcladmin\Documents\eczane\eczanecim\system\CodeIgniter.php(918): App\Controllers\Nobetci->eczane('bakirkoy')
#5 C:\Users\lcladmin\Documents\eczane\eczanecim\system\CodeIgniter.php(404): CodeIgniter\CodeIgniter->runController(Object(App\Controllers\Nobetci))
#6 C:\Users\lcladmin\Documents\eczane\eczanecim\system\CodeIgniter.php(312): CodeIgniter\CodeIgniter->handleRequest(NULL, Object(Config\Cache), false)
#7 C:\Users\lcladmin\Documents\eczane\eczanecim\public\index.php(45): CodeIgniter\CodeIgniter->run()
#8 C:\Users\lcladmin\Documents\eczane\eczanecim\system\Commands\Server\rewrite.php(34): require_once('C:\\Users\\lcladm...')
#9 {main}
CRITICAL - 2020-08-29 12:28:13 --> syntax error, unexpected '<'
#0 C:\Users\lcladmin\Documents\eczane\eczanecim\system\Common.php(1119): CodeIgniter\View\View->render('welcome_message', Array, true)
#1 C:\Users\lcladmin\Documents\eczane\eczanecim\app\Controllers\Home.php(10): view('welcome_message', Array)
#2 C:\Users\lcladmin\Documents\eczane\eczanecim\system\CodeIgniter.php(918): App\Controllers\Home->index()
#3 C:\Users\lcladmin\Documents\eczane\eczanecim\system\CodeIgniter.php(404): CodeIgniter\CodeIgniter->runController(Object(App\Controllers\Home))
#4 C:\Users\lcladmin\Documents\eczane\eczanecim\system\CodeIgniter.php(312): CodeIgniter\CodeIgniter->handleRequest(NULL, Object(Config\Cache), false)
#5 C:\Users\lcladmin\Documents\eczane\eczanecim\public\index.php(45): CodeIgniter\CodeIgniter->run()
#6 C:\Users\lcladmin\Documents\eczane\eczanecim\system\Commands\Server\rewrite.php(34): require_once('C:\\Users\\lcladm...')
#7 {main}
CRITICAL - 2020-08-29 12:36:47 --> Undefined offset: 0
#0 C:\Users\lcladmin\Documents\eczane\eczanecim\app\ThirdParty\Eczane.php(78): CodeIgniter\Debug\Exceptions->errorHandler(8, 'Undefined offse...', 'C:\\Users\\lcladm...', 78, Array)
#1 C:\Users\lcladmin\Documents\eczane\eczanecim\app\ThirdParty\Eczane.php(12): App\ThirdParty\Eczane->Getir('https://www.ist...')
#2 C:\Users\lcladmin\Documents\eczane\eczanecim\app\Controllers\Nobetci.php(8): App\ThirdParty\Eczane->__construct()
#3 C:\Users\lcladmin\Documents\eczane\eczanecim\system\CodeIgniter.php(918): App\Controllers\Nobetci->eczane('arnavutkoy')
#4 C:\Users\lcladmin\Documents\eczane\eczanecim\system\CodeIgniter.php(404): CodeIgniter\CodeIgniter->runController(Object(App\Controllers\Nobetci))
#5 C:\Users\lcladmin\Documents\eczane\eczanecim\system\CodeIgniter.php(312): CodeIgniter\CodeIgniter->handleRequest(NULL, Object(Config\Cache), false)
#6 C:\Users\lcladmin\Documents\eczane\eczanecim\public\index.php(45): CodeIgniter\CodeIgniter->run()
#7 C:\Users\lcladmin\Documents\eczane\eczanecim\system\Commands\Server\rewrite.php(34): require_once('C:\\Users\\lcladm...')
#8 {main}
CRITICAL - 2020-08-29 12:37:04 --> syntax error, unexpected '<'
#0 C:\Users\lcladmin\Documents\eczane\eczanecim\system\Common.php(1119): CodeIgniter\View\View->render('nobetci', Array, true)
#1 C:\Users\lcladmin\Documents\eczane\eczanecim\app\Controllers\Nobetci.php(15): view('nobetci', Array)
#2 C:\Users\lcladmin\Documents\eczane\eczanecim\system\CodeIgniter.php(918): App\Controllers\Nobetci->eczane('arnavutkoy')
#3 C:\Users\lcladmin\Documents\eczane\eczanecim\system\CodeIgniter.php(404): CodeIgniter\CodeIgniter->runController(Object(App\Controllers\Nobetci))
#4 C:\Users\lcladmin\Documents\eczane\eczanecim\system\CodeIgniter.php(312): CodeIgniter\CodeIgniter->handleRequest(NULL, Object(Config\Cache), false)
#5 C:\Users\lcladmin\Documents\eczane\eczanecim\public\index.php(45): CodeIgniter\CodeIgniter->run()
#6 C:\Users\lcladmin\Documents\eczane\eczanecim\system\Commands\Server\rewrite.php(34): require_once('C:\\Users\\lcladm...')
#7 {main}
CRITICAL - 2020-08-29 12:37:38 --> View themes, no current section.
#0 C:\Users\lcladmin\Documents\eczane\eczanecim\app\Views\nobetci.php(31): CodeIgniter\View\View->endSection()
#1 C:\Users\lcladmin\Documents\eczane\eczanecim\system\View\View.php(246): include('C:\\Users\\lcladm...')
#2 C:\Users\lcladmin\Documents\eczane\eczanecim\system\Common.php(1119): CodeIgniter\View\View->render('nobetci', Array, true)
#3 C:\Users\lcladmin\Documents\eczane\eczanecim\app\Controllers\Nobetci.php(15): view('nobetci', Array)
#4 C:\Users\lcladmin\Documents\eczane\eczanecim\system\CodeIgniter.php(918): App\Controllers\Nobetci->eczane('arnavutkoy')
#5 C:\Users\lcladmin\Documents\eczane\eczanecim\system\CodeIgniter.php(404): CodeIgniter\CodeIgniter->runController(Object(App\Controllers\Nobetci))
#6 C:\Users\lcladmin\Documents\eczane\eczanecim\system\CodeIgniter.php(312): CodeIgniter\CodeIgniter->handleRequest(NULL, Object(Config\Cache), false)
#7 C:\Users\lcladmin\Documents\eczane\eczanecim\public\index.php(45): CodeIgniter\CodeIgniter->run()
#8 C:\Users\lcladmin\Documents\eczane\eczanecim\system\Commands\Server\rewrite.php(34): require_once('C:\\Users\\lcladm...')
#9 {main}
CRITICAL - 2020-08-29 12:38:04 --> View themes, no current section.
#0 C:\Users\lcladmin\Documents\eczane\eczanecim\app\Views\nobetci.php(31): CodeIgniter\View\View->endSection()
#1 C:\Users\lcladmin\Documents\eczane\eczanecim\system\View\View.php(246): include('C:\\Users\\lcladm...')
#2 C:\Users\lcladmin\Documents\eczane\eczanecim\system\Common.php(1119): CodeIgniter\View\View->render('nobetci', Array, true)
#3 C:\Users\lcladmin\Documents\eczane\eczanecim\app\Controllers\Nobetci.php(15): view('nobetci', Array)
#4 C:\Users\lcladmin\Documents\eczane\eczanecim\system\CodeIgniter.php(918): App\Controllers\Nobetci->eczane('arnavutkoy')
#5 C:\Users\lcladmin\Documents\eczane\eczanecim\system\CodeIgniter.php(404): CodeIgniter\CodeIgniter->runController(Object(App\Controllers\Nobetci))
#6 C:\Users\lcladmin\Documents\eczane\eczanecim\system\CodeIgniter.php(312): CodeIgniter\CodeIgniter->handleRequest(NULL, Object(Config\Cache), false)
#7 C:\Users\lcladmin\Documents\eczane\eczanecim\public\index.php(45): CodeIgniter\CodeIgniter->run()
#8 C:\Users\lcladmin\Documents\eczane\eczanecim\system\Commands\Server\rewrite.php(34): require_once('C:\\Users\\lcladm...')
#9 {main}
CRITICAL - 2020-08-29 12:39:12 --> Undefined variable: result
#0 C:\Users\lcladmin\Documents\eczane\eczanecim\app\Views\nobetci.php(4): CodeIgniter\Debug\Exceptions->errorHandler(8, 'Undefined varia...', 'C:\\Users\\lcladm...', 4, Array)
#1 C:\Users\lcladmin\Documents\eczane\eczanecim\system\View\View.php(246): include('C:\\Users\\lcladm...')
#2 C:\Users\lcladmin\Documents\eczane\eczanecim\system\Common.php(1119): CodeIgniter\View\View->render('nobetci', Array, true)
#3 C:\Users\lcladmin\Documents\eczane\eczanecim\app\Controllers\Nobetci.php(15): view('nobetci', Array)
#4 C:\Users\lcladmin\Documents\eczane\eczanecim\system\CodeIgniter.php(918): App\Controllers\Nobetci->eczane('arnavutkoy')
#5 C:\Users\lcladmin\Documents\eczane\eczanecim\system\CodeIgniter.php(404): CodeIgniter\CodeIgniter->runController(Object(App\Controllers\Nobetci))
#6 C:\Users\lcladmin\Documents\eczane\eczanecim\system\CodeIgniter.php(312): CodeIgniter\CodeIgniter->handleRequest(NULL, Object(Config\Cache), false)
#7 C:\Users\lcladmin\Documents\eczane\eczanecim\public\index.php(45): CodeIgniter\CodeIgniter->run()
#8 C:\Users\lcladmin\Documents\eczane\eczanecim\system\Commands\Server\rewrite.php(34): require_once('C:\\Users\\lcladm...')
#9 {main}
CRITICAL - 2020-08-29 12:39:26 --> Array to string conversion
#0 C:\Users\lcladmin\Documents\eczane\eczanecim\app\Views\nobetci.php(4): CodeIgniter\Debug\Exceptions->errorHandler(8, 'Array to string...', 'C:\\Users\\lcladm...', 4, Array)
#1 C:\Users\lcladmin\Documents\eczane\eczanecim\system\View\View.php(246): include('C:\\Users\\lcladm...')
#2 C:\Users\lcladmin\Documents\eczane\eczanecim\system\Common.php(1119): CodeIgniter\View\View->render('nobetci', Array, true)
#3 C:\Users\lcladmin\Documents\eczane\eczanecim\app\Controllers\Nobetci.php(15): view('nobetci', Array)
#4 C:\Users\lcladmin\Documents\eczane\eczanecim\system\CodeIgniter.php(918): App\Controllers\Nobetci->eczane('arnavutkoy')
#5 C:\Users\lcladmin\Documents\eczane\eczanecim\system\CodeIgniter.php(404): CodeIgniter\CodeIgniter->runController(Object(App\Controllers\Nobetci))
#6 C:\Users\lcladmin\Documents\eczane\eczanecim\system\CodeIgniter.php(312): CodeIgniter\CodeIgniter->handleRequest(NULL, Object(Config\Cache), false)
#7 C:\Users\lcladmin\Documents\eczane\eczanecim\public\index.php(45): CodeIgniter\CodeIgniter->run()
#8 C:\Users\lcladmin\Documents\eczane\eczanecim\system\Commands\Server\rewrite.php(34): require_once('C:\\Users\\lcladm...')
#9 {main}
CRITICAL - 2020-08-29 15:04:34 --> CSRF filter must have a matching alias defined.
#0 C:\Users\lcladmin\Documents\eczane\eczanecim\system\Filters\Filters.php(150): CodeIgniter\Filters\Exceptions\FilterException::forNoAlias('CSRF')
#1 C:\Users\lcladmin\Documents\eczane\eczanecim\system\CodeIgniter.php(382): CodeIgniter\Filters\Filters->run('/', 'before')
#2 C:\Users\lcladmin\Documents\eczane\eczanecim\system\CodeIgniter.php(312): CodeIgniter\CodeIgniter->handleRequest(NULL, Object(Config\Cache), false)
#3 C:\Users\lcladmin\Documents\eczane\eczanecim\public\index.php(45): CodeIgniter\CodeIgniter->run()
#4 C:\Users\lcladmin\Documents\eczane\eczanecim\system\Commands\Server\rewrite.php(34): require_once('C:\\Users\\lcladm...')
#5 {main}
CRITICAL - 2020-08-29 15:08:31 --> CSRF filter must have a matching alias defined.
#0 C:\Users\lcladmin\Documents\eczane\eczanecim\system\Filters\Filters.php(150): CodeIgniter\Filters\Exceptions\FilterException::forNoAlias('CSRF')
#1 C:\Users\lcladmin\Documents\eczane\eczanecim\system\CodeIgniter.php(382): CodeIgniter\Filters\Filters->run('/', 'before')
#2 C:\Users\lcladmin\Documents\eczane\eczanecim\system\CodeIgniter.php(312): CodeIgniter\CodeIgniter->handleRequest(NULL, Object(Config\Cache), false)
#3 C:\Users\lcladmin\Documents\eczane\eczanecim\public\index.php(45): CodeIgniter\CodeIgniter->run()
#4 C:\Users\lcladmin\Documents\eczane\eczanecim\system\Commands\Server\rewrite.php(34): require_once('C:\\Users\\lcladm...')
#5 {main}
CRITICAL - 2020-08-29 15:08:33 --> CSRF filter must have a matching alias defined.
#0 C:\Users\lcladmin\Documents\eczane\eczanecim\system\Filters\Filters.php(150): CodeIgniter\Filters\Exceptions\FilterException::forNoAlias('CSRF')
#1 C:\Users\lcladmin\Documents\eczane\eczanecim\system\CodeIgniter.php(382): CodeIgniter\Filters\Filters->run('/', 'before')
#2 C:\Users\lcladmin\Documents\eczane\eczanecim\system\CodeIgniter.php(312): CodeIgniter\CodeIgniter->handleRequest(NULL, Object(Config\Cache), false)
#3 C:\Users\lcladmin\Documents\eczane\eczanecim\public\index.php(45): CodeIgniter\CodeIgniter->run()
#4 C:\Users\lcladmin\Documents\eczane\eczanecim\system\Commands\Server\rewrite.php(34): require_once('C:\\Users\\lcladm...')
#5 {main}
CRITICAL - 2020-08-29 15:08:34 --> CSRF filter must have a matching alias defined.
#0 C:\Users\lcladmin\Documents\eczane\eczanecim\system\Filters\Filters.php(150): CodeIgniter\Filters\Exceptions\FilterException::forNoAlias('CSRF')
#1 C:\Users\lcladmin\Documents\eczane\eczanecim\system\CodeIgniter.php(382): CodeIgniter\Filters\Filters->run('/', 'before')
#2 C:\Users\lcladmin\Documents\eczane\eczanecim\system\CodeIgniter.php(312): CodeIgniter\CodeIgniter->handleRequest(NULL, Object(Config\Cache), false)
#3 C:\Users\lcladmin\Documents\eczane\eczanecim\public\index.php(45): CodeIgniter\CodeIgniter->run()
#4 C:\Users\lcladmin\Documents\eczane\eczanecim\system\Commands\Server\rewrite.php(34): require_once('C:\\Users\\lcladm...')
#5 {main}
CRITICAL - 2020-08-29 15:09:48 --> CSRF filter must have a matching alias defined.
#0 C:\Users\lcladmin\Documents\eczane\eczanecim\system\Filters\Filters.php(150): CodeIgniter\Filters\Exceptions\FilterException::forNoAlias('CSRF')
#1 C:\Users\lcladmin\Documents\eczane\eczanecim\system\CodeIgniter.php(382): CodeIgniter\Filters\Filters->run('/', 'before')
#2 C:\Users\lcladmin\Documents\eczane\eczanecim\system\CodeIgniter.php(312): CodeIgniter\CodeIgniter->handleRequest(NULL, Object(Config\Cache), false)
#3 C:\Users\lcladmin\Documents\eczane\eczanecim\public\index.php(45): CodeIgniter\CodeIgniter->run()
#4 C:\Users\lcladmin\Documents\eczane\eczanecim\system\Commands\Server\rewrite.php(34): require_once('C:\\Users\\lcladm...')
#5 {main}
CRITICAL - 2020-08-29 15:09:50 --> CSRF filter must have a matching alias defined.
#0 C:\Users\lcladmin\Documents\eczane\eczanecim\system\Filters\Filters.php(150): CodeIgniter\Filters\Exceptions\FilterException::forNoAlias('CSRF')
#1 C:\Users\lcladmin\Documents\eczane\eczanecim\system\CodeIgniter.php(382): CodeIgniter\Filters\Filters->run('/', 'before')
#2 C:\Users\lcladmin\Documents\eczane\eczanecim\system\CodeIgniter.php(312): CodeIgniter\CodeIgniter->handleRequest(NULL, Object(Config\Cache), false)
#3 C:\Users\lcladmin\Documents\eczane\eczanecim\public\index.php(45): CodeIgniter\CodeIgniter->run()
#4 C:\Users\lcladmin\Documents\eczane\eczanecim\system\Commands\Server\rewrite.php(34): require_once('C:\\Users\\lcladm...')
#5 {main}
CRITICAL - 2020-08-29 15:09:50 --> CSRF filter must have a matching alias defined.
#0 C:\Users\lcladmin\Documents\eczane\eczanecim\system\Filters\Filters.php(150): CodeIgniter\Filters\Exceptions\FilterException::forNoAlias('CSRF')
#1 C:\Users\lcladmin\Documents\eczane\eczanecim\system\CodeIgniter.php(382): CodeIgniter\Filters\Filters->run('/', 'before')
#2 C:\Users\lcladmin\Documents\eczane\eczanecim\system\CodeIgniter.php(312): CodeIgniter\CodeIgniter->handleRequest(NULL, Object(Config\Cache), false)
#3 C:\Users\lcladmin\Documents\eczane\eczanecim\public\index.php(45): CodeIgniter\CodeIgniter->run()
#4 C:\Users\lcladmin\Documents\eczane\eczanecim\system\Commands\Server\rewrite.php(34): require_once('C:\\Users\\lcladm...')
#5 {main}
CRITICAL - 2020-08-29 15:09:50 --> CSRF filter must have a matching alias defined.
#0 C:\Users\lcladmin\Documents\eczane\eczanecim\system\Filters\Filters.php(150): CodeIgniter\Filters\Exceptions\FilterException::forNoAlias('CSRF')
#1 C:\Users\lcladmin\Documents\eczane\eczanecim\system\CodeIgniter.php(382): CodeIgniter\Filters\Filters->run('/', 'before')
#2 C:\Users\lcladmin\Documents\eczane\eczanecim\system\CodeIgniter.php(312): CodeIgniter\CodeIgniter->handleRequest(NULL, Object(Config\Cache), false)
#3 C:\Users\lcladmin\Documents\eczane\eczanecim\public\index.php(45): CodeIgniter\CodeIgniter->run()
#4 C:\Users\lcladmin\Documents\eczane\eczanecim\system\Commands\Server\rewrite.php(34): require_once('C:\\Users\\lcladm...')
#5 {main}
CRITICAL - 2020-08-29 15:09:51 --> CSRF filter must have a matching alias defined.
#0 C:\Users\lcladmin\Documents\eczane\eczanecim\system\Filters\Filters.php(150): CodeIgniter\Filters\Exceptions\FilterException::forNoAlias('CSRF')
#1 C:\Users\lcladmin\Documents\eczane\eczanecim\system\CodeIgniter.php(382): CodeIgniter\Filters\Filters->run('/', 'before')
#2 C:\Users\lcladmin\Documents\eczane\eczanecim\system\CodeIgniter.php(312): CodeIgniter\CodeIgniter->handleRequest(NULL, Object(Config\Cache), false)
#3 C:\Users\lcladmin\Documents\eczane\eczanecim\public\index.php(45): CodeIgniter\CodeIgniter->run()
#4 C:\Users\lcladmin\Documents\eczane\eczanecim\system\Commands\Server\rewrite.php(34): require_once('C:\\Users\\lcladm...')
#5 {main}
CRITICAL - 2020-08-29 15:09:52 --> CSRF filter must have a matching alias defined.
#0 C:\Users\lcladmin\Documents\eczane\eczanecim\system\Filters\Filters.php(150): CodeIgniter\Filters\Exceptions\FilterException::forNoAlias('CSRF')
#1 C:\Users\lcladmin\Documents\eczane\eczanecim\system\CodeIgniter.php(382): CodeIgniter\Filters\Filters->run('/', 'before')
#2 C:\Users\lcladmin\Documents\eczane\eczanecim\system\CodeIgniter.php(312): CodeIgniter\CodeIgniter->handleRequest(NULL, Object(Config\Cache), false)
#3 C:\Users\lcladmin\Documents\eczane\eczanecim\public\index.php(45): CodeIgniter\CodeIgniter->run()
#4 C:\Users\lcladmin\Documents\eczane\eczanecim\system\Commands\Server\rewrite.php(34): require_once('C:\\Users\\lcladm...')
#5 {main}
CRITICAL - 2020-08-29 15:09:52 --> CSRF filter must have a matching alias defined.
#0 C:\Users\lcladmin\Documents\eczane\eczanecim\system\Filters\Filters.php(150): CodeIgniter\Filters\Exceptions\FilterException::forNoAlias('CSRF')
#1 C:\Users\lcladmin\Documents\eczane\eczanecim\system\CodeIgniter.php(382): CodeIgniter\Filters\Filters->run('/', 'before')
#2 C:\Users\lcladmin\Documents\eczane\eczanecim\system\CodeIgniter.php(312): CodeIgniter\CodeIgniter->handleRequest(NULL, Object(Config\Cache), false)
#3 C:\Users\lcladmin\Documents\eczane\eczanecim\public\index.php(45): CodeIgniter\CodeIgniter->run()
#4 C:\Users\lcladmin\Documents\eczane\eczanecim\system\Commands\Server\rewrite.php(34): require_once('C:\\Users\\lcladm...')
#5 {main}
CRITICAL - 2020-08-29 15:09:53 --> CSRF filter must have a matching alias defined.
#0 C:\Users\lcladmin\Documents\eczane\eczanecim\system\Filters\Filters.php(150): CodeIgniter\Filters\Exceptions\FilterException::forNoAlias('CSRF')
#1 C:\Users\lcladmin\Documents\eczane\eczanecim\system\CodeIgniter.php(382): CodeIgniter\Filters\Filters->run('/', 'before')
#2 C:\Users\lcladmin\Documents\eczane\eczanecim\system\CodeIgniter.php(312): CodeIgniter\CodeIgniter->handleRequest(NULL, Object(Config\Cache), false)
#3 C:\Users\lcladmin\Documents\eczane\eczanecim\public\index.php(45): CodeIgniter\CodeIgniter->run()
#4 C:\Users\lcladmin\Documents\eczane\eczanecim\system\Commands\Server\rewrite.php(34): require_once('C:\\Users\\lcladm...')
#5 {main}
CRITICAL - 2020-08-29 15:09:53 --> CSRF filter must have a matching alias defined.
#0 C:\Users\lcladmin\Documents\eczane\eczanecim\system\Filters\Filters.php(150): CodeIgniter\Filters\Exceptions\FilterException::forNoAlias('CSRF')
#1 C:\Users\lcladmin\Documents\eczane\eczanecim\system\CodeIgniter.php(382): CodeIgniter\Filters\Filters->run('/', 'before')
#2 C:\Users\lcladmin\Documents\eczane\eczanecim\system\CodeIgniter.php(312): CodeIgniter\CodeIgniter->handleRequest(NULL, Object(Config\Cache), false)
#3 C:\Users\lcladmin\Documents\eczane\eczanecim\public\index.php(45): CodeIgniter\CodeIgniter->run()
#4 C:\Users\lcladmin\Documents\eczane\eczanecim\system\Commands\Server\rewrite.php(34): require_once('C:\\Users\\lcladm...')
#5 {main}
CRITICAL - 2020-08-29 15:12:03 --> CSRF filter must have a matching alias defined.
#0 C:\Users\lcladmin\Documents\eczane\eczanecim\system\Filters\Filters.php(150): CodeIgniter\Filters\Exceptions\FilterException::forNoAlias('CSRF')
#1 C:\Users\lcladmin\Documents\eczane\eczanecim\system\CodeIgniter.php(382): CodeIgniter\Filters\Filters->run('/', 'before')
#2 C:\Users\lcladmin\Documents\eczane\eczanecim\system\CodeIgniter.php(312): CodeIgniter\CodeIgniter->handleRequest(NULL, Object(Config\Cache), false)
#3 C:\Users\lcladmin\Documents\eczane\eczanecim\public\index.php(45): CodeIgniter\CodeIgniter->run()
#4 C:\Users\lcladmin\Documents\eczane\eczanecim\system\Commands\Server\rewrite.php(34): require_once('C:\\Users\\lcladm...')
#5 {main}
CRITICAL - 2020-08-29 15:17:52 --> syntax error, unexpected ';', expecting ']'
#0 C:\Users\lcladmin\Documents\eczane\eczanecim\system\Autoloader\Autoloader.php(296): CodeIgniter\Autoloader\Autoloader->requireFile('C:\\Users\\lcladm...')
#1 C:\Users\lcladmin\Documents\eczane\eczanecim\system\Autoloader\Autoloader.php(258): CodeIgniter\Autoloader\Autoloader->loadInNamespace('Config\\Filters')
#2 [internal function]: CodeIgniter\Autoloader\Autoloader->loadClass('Config\\Filters')
#3 C:\Users\lcladmin\Documents\eczane\eczanecim\system\Config\Services.php(322): spl_autoload_call('Config\\Filters')
#4 C:\Users\lcladmin\Documents\eczane\eczanecim\system\Config\BaseService.php(123): CodeIgniter\Config\Services::filters(NULL, false)
#5 C:\Users\lcladmin\Documents\eczane\eczanecim\system\Config\Services.php(317): CodeIgniter\Config\BaseService::getSharedInstance('filters', NULL)
#6 C:\Users\lcladmin\Documents\eczane\eczanecim\system\CodeIgniter.php(367): CodeIgniter\Config\Services::filters()
#7 C:\Users\lcladmin\Documents\eczane\eczanecim\system\CodeIgniter.php(312): CodeIgniter\CodeIgniter->handleRequest(NULL, Object(Config\Cache), false)
#8 C:\Users\lcladmin\Documents\eczane\eczanecim\public\index.php(45): CodeIgniter\CodeIgniter->run()
#9 C:\Users\lcladmin\Documents\eczane\eczanecim\system\Commands\Server\rewrite.php(34): require_once('C:\\Users\\lcladm...')
#10 {main}
CRITICAL - 2020-08-29 15:18:18 --> CSRF filter must have a matching alias defined.
#0 C:\Users\lcladmin\Documents\eczane\eczanecim\system\Filters\Filters.php(150): CodeIgniter\Filters\Exceptions\FilterException::forNoAlias('CSRF')
#1 C:\Users\lcladmin\Documents\eczane\eczanecim\system\CodeIgniter.php(382): CodeIgniter\Filters\Filters->run('/', 'before')
#2 C:\Users\lcladmin\Documents\eczane\eczanecim\system\CodeIgniter.php(312): CodeIgniter\CodeIgniter->handleRequest(NULL, Object(Config\Cache), false)
#3 C:\Users\lcladmin\Documents\eczane\eczanecim\public\index.php(45): CodeIgniter\CodeIgniter->run()
#4 C:\Users\lcladmin\Documents\eczane\eczanecim\system\Commands\Server\rewrite.php(34): require_once('C:\\Users\\lcladm...')
#5 {main}
CRITICAL - 2020-08-29 15:23:09 --> throttle filter must have a matching alias defined.
#0 C:\Users\lcladmin\Documents\eczane\eczanecim\system\Filters\Filters.php(150): CodeIgniter\Filters\Exceptions\FilterException::forNoAlias('throttle')
#1 C:\Users\lcladmin\Documents\eczane\eczanecim\system\CodeIgniter.php(382): CodeIgniter\Filters\Filters->run('/', 'before')
#2 C:\Users\lcladmin\Documents\eczane\eczanecim\system\CodeIgniter.php(312): CodeIgniter\CodeIgniter->handleRequest(NULL, Object(Config\Cache), false)
#3 C:\Users\lcladmin\Documents\eczane\eczanecim\public\index.php(45): CodeIgniter\CodeIgniter->run()
#4 C:\Users\lcladmin\Documents\eczane\eczanecim\system\Commands\Server\rewrite.php(34): require_once('C:\\Users\\lcladm...')
#5 {main}
CRITICAL - 2020-08-29 15:23:13 --> throttle filter must have a matching alias defined.
#0 C:\Users\lcladmin\Documents\eczane\eczanecim\system\Filters\Filters.php(150): CodeIgniter\Filters\Exceptions\FilterException::forNoAlias('throttle')
#1 C:\Users\lcladmin\Documents\eczane\eczanecim\system\CodeIgniter.php(382): CodeIgniter\Filters\Filters->run('/', 'before')
#2 C:\Users\lcladmin\Documents\eczane\eczanecim\system\CodeIgniter.php(312): CodeIgniter\CodeIgniter->handleRequest(NULL, Object(Config\Cache), false)
#3 C:\Users\lcladmin\Documents\eczane\eczanecim\public\index.php(45): CodeIgniter\CodeIgniter->run()
#4 C:\Users\lcladmin\Documents\eczane\eczanecim\system\Commands\Server\rewrite.php(34): require_once('C:\\Users\\lcladm...')
#5 {main}
CRITICAL - 2020-08-29 15:23:14 --> throttle filter must have a matching alias defined.
#0 C:\Users\lcladmin\Documents\eczane\eczanecim\system\Filters\Filters.php(150): CodeIgniter\Filters\Exceptions\FilterException::forNoAlias('throttle')
#1 C:\Users\lcladmin\Documents\eczane\eczanecim\system\CodeIgniter.php(382): CodeIgniter\Filters\Filters->run('/', 'before')
#2 C:\Users\lcladmin\Documents\eczane\eczanecim\system\CodeIgniter.php(312): CodeIgniter\CodeIgniter->handleRequest(NULL, Object(Config\Cache), false)
#3 C:\Users\lcladmin\Documents\eczane\eczanecim\public\index.php(45): CodeIgniter\CodeIgniter->run()
#4 C:\Users\lcladmin\Documents\eczane\eczanecim\system\Commands\Server\rewrite.php(34): require_once('C:\\Users\\lcladm...')
#5 {main}
CRITICAL - 2020-08-29 15:23:14 --> throttle filter must have a matching alias defined.
#0 C:\Users\lcladmin\Documents\eczane\eczanecim\system\Filters\Filters.php(150): CodeIgniter\Filters\Exceptions\FilterException::forNoAlias('throttle')
#1 C:\Users\lcladmin\Documents\eczane\eczanecim\system\CodeIgniter.php(382): CodeIgniter\Filters\Filters->run('/', 'before')
#2 C:\Users\lcladmin\Documents\eczane\eczanecim\system\CodeIgniter.php(312): CodeIgniter\CodeIgniter->handleRequest(NULL, Object(Config\Cache), false)
#3 C:\Users\lcladmin\Documents\eczane\eczanecim\public\index.php(45): CodeIgniter\CodeIgniter->run()
#4 C:\Users\lcladmin\Documents\eczane\eczanecim\system\Commands\Server\rewrite.php(34): require_once('C:\\Users\\lcladm...')
#5 {main}
CRITICAL - 2020-08-29 15:23:23 --> CSRF filter must have a matching alias defined.
#0 C:\Users\lcladmin\Documents\eczane\eczanecim\system\Filters\Filters.php(150): CodeIgniter\Filters\Exceptions\FilterException::forNoAlias('CSRF')
#1 C:\Users\lcladmin\Documents\eczane\eczanecim\system\CodeIgniter.php(382): CodeIgniter\Filters\Filters->run('/', 'before')
#2 C:\Users\lcladmin\Documents\eczane\eczanecim\system\CodeIgniter.php(312): CodeIgniter\CodeIgniter->handleRequest(NULL, Object(Config\Cache), false)
#3 C:\Users\lcladmin\Documents\eczane\eczanecim\public\index.php(45): CodeIgniter\CodeIgniter->run()
#4 C:\Users\lcladmin\Documents\eczane\eczanecim\system\Commands\Server\rewrite.php(34): require_once('C:\\Users\\lcladm...')
#5 {main}
CRITICAL - 2020-08-29 15:24:21 --> CSRF filter must have a matching alias defined.
#0 C:\Users\lcladmin\Documents\eczane\eczanecim\system\Filters\Filters.php(150): CodeIgniter\Filters\Exceptions\FilterException::forNoAlias('CSRF')
#1 C:\Users\lcladmin\Documents\eczane\eczanecim\system\CodeIgniter.php(382): CodeIgniter\Filters\Filters->run('/', 'before')
#2 C:\Users\lcladmin\Documents\eczane\eczanecim\system\CodeIgniter.php(312): CodeIgniter\CodeIgniter->handleRequest(NULL, Object(Config\Cache), false)
#3 C:\Users\lcladmin\Documents\eczane\eczanecim\public\index.php(45): CodeIgniter\CodeIgniter->run()
#4 C:\Users\lcladmin\Documents\eczane\eczanecim\system\Commands\Server\rewrite.php(34): require_once('C:\\Users\\lcladm...')
#5 {main}
CRITICAL - 2020-08-29 15:24:23 --> CSRF filter must have a matching alias defined.
#0 C:\Users\lcladmin\Documents\eczane\eczanecim\system\Filters\Filters.php(150): CodeIgniter\Filters\Exceptions\FilterException::forNoAlias('CSRF')
#1 C:\Users\lcladmin\Documents\eczane\eczanecim\system\CodeIgniter.php(382): CodeIgniter\Filters\Filters->run('/', 'before')
#2 C:\Users\lcladmin\Documents\eczane\eczanecim\system\CodeIgniter.php(312): CodeIgniter\CodeIgniter->handleRequest(NULL, Object(Config\Cache), false)
#3 C:\Users\lcladmin\Documents\eczane\eczanecim\public\index.php(45): CodeIgniter\CodeIgniter->run()
#4 C:\Users\lcladmin\Documents\eczane\eczanecim\system\Commands\Server\rewrite.php(34): require_once('C:\\Users\\lcladm...')
#5 {main}
CRITICAL - 2020-08-29 15:24:24 --> CSRF filter must have a matching alias defined.
#0 C:\Users\lcladmin\Documents\eczane\eczanecim\system\Filters\Filters.php(150): CodeIgniter\Filters\Exceptions\FilterException::forNoAlias('CSRF')
#1 C:\Users\lcladmin\Documents\eczane\eczanecim\system\CodeIgniter.php(382): CodeIgniter\Filters\Filters->run('/', 'before')
#2 C:\Users\lcladmin\Documents\eczane\eczanecim\system\CodeIgniter.php(312): CodeIgniter\CodeIgniter->handleRequest(NULL, Object(Config\Cache), false)
#3 C:\Users\lcladmin\Documents\eczane\eczanecim\public\index.php(45): CodeIgniter\CodeIgniter->run()
#4 C:\Users\lcladmin\Documents\eczane\eczanecim\system\Commands\Server\rewrite.php(34): require_once('C:\\Users\\lcladm...')
#5 {main}
CRITICAL - 2020-08-29 15:24:25 --> CSRF filter must have a matching alias defined.
#0 C:\Users\lcladmin\Documents\eczane\eczanecim\system\Filters\Filters.php(150): CodeIgniter\Filters\Exceptions\FilterException::forNoAlias('CSRF')
#1 C:\Users\lcladmin\Documents\eczane\eczanecim\system\CodeIgniter.php(382): CodeIgniter\Filters\Filters->run('/', 'before')
#2 C:\Users\lcladmin\Documents\eczane\eczanecim\system\CodeIgniter.php(312): CodeIgniter\CodeIgniter->handleRequest(NULL, Object(Config\Cache), false)
#3 C:\Users\lcladmin\Documents\eczane\eczanecim\public\index.php(45): CodeIgniter\CodeIgniter->run()
#4 C:\Users\lcladmin\Documents\eczane\eczanecim\system\Commands\Server\rewrite.php(34): require_once('C:\\Users\\lcladm...')
#5 {main}
CRITICAL - 2020-08-29 15:26:31 --> CSRF filter must have a matching alias defined.
#0 C:\Users\lcladmin\Documents\eczane\eczanecim\system\Filters\Filters.php(150): CodeIgniter\Filters\Exceptions\FilterException::forNoAlias('CSRF')
#1 C:\Users\lcladmin\Documents\eczane\eczanecim\system\CodeIgniter.php(382): CodeIgniter\Filters\Filters->run('/', 'before')
#2 C:\Users\lcladmin\Documents\eczane\eczanecim\system\CodeIgniter.php(312): CodeIgniter\CodeIgniter->handleRequest(NULL, Object(Config\Cache), false)
#3 C:\Users\lcladmin\Documents\eczane\eczanecim\public\index.php(45): CodeIgniter\CodeIgniter->run()
#4 C:\Users\lcladmin\Documents\eczane\eczanecim\system\Commands\Server\rewrite.php(34): require_once('C:\\Users\\lcladm...')
#5 {main}
CRITICAL - 2020-08-29 15:30:22 --> CSRF filter must have a matching alias defined.
#0 C:\Users\lcladmin\Documents\eczane\eczanecim\system\Filters\Filters.php(150): CodeIgniter\Filters\Exceptions\FilterException::forNoAlias('CSRF')
#1 C:\Users\lcladmin\Documents\eczane\eczanecim\system\CodeIgniter.php(382): CodeIgniter\Filters\Filters->run('/', 'before')
#2 C:\Users\lcladmin\Documents\eczane\eczanecim\system\CodeIgniter.php(312): CodeIgniter\CodeIgniter->handleRequest(NULL, Object(Config\Cache), false)
#3 C:\Users\lcladmin\Documents\eczane\eczanecim\public\index.php(45): CodeIgniter\CodeIgniter->run()
#4 C:\Users\lcladmin\Documents\eczane\eczanecim\system\Commands\Server\rewrite.php(34): require_once('C:\\Users\\lcladm...')
#5 {main}
CRITICAL - 2020-08-29 15:30:26 --> CSRF filter must have a matching alias defined.
#0 C:\Users\lcladmin\Documents\eczane\eczanecim\system\Filters\Filters.php(150): CodeIgniter\Filters\Exceptions\FilterException::forNoAlias('CSRF')
#1 C:\Users\lcladmin\Documents\eczane\eczanecim\system\CodeIgniter.php(382): CodeIgniter\Filters\Filters->run('/', 'before')
#2 C:\Users\lcladmin\Documents\eczane\eczanecim\system\CodeIgniter.php(312): CodeIgniter\CodeIgniter->handleRequest(NULL, Object(Config\Cache), false)
#3 C:\Users\lcladmin\Documents\eczane\eczanecim\public\index.php(45): CodeIgniter\CodeIgniter->run()
#4 C:\Users\lcladmin\Documents\eczane\eczanecim\system\Commands\Server\rewrite.php(34): require_once('C:\\Users\\lcladm...')
#5 {main}
CRITICAL - 2020-08-29 15:34:29 --> CSRF filter must have a matching alias defined.
#0 C:\Users\lcladmin\Documents\eczane\eczanecim\system\Filters\Filters.php(150): CodeIgniter\Filters\Exceptions\FilterException::forNoAlias('CSRF')
#1 C:\Users\lcladmin\Documents\eczane\eczanecim\system\CodeIgniter.php(382): CodeIgniter\Filters\Filters->run('/', 'before')
#2 C:\Users\lcladmin\Documents\eczane\eczanecim\system\CodeIgniter.php(312): CodeIgniter\CodeIgniter->handleRequest(NULL, Object(Config\Cache), false)
#3 C:\Users\lcladmin\Documents\eczane\eczanecim\public\index.php(45): CodeIgniter\CodeIgniter->run()
#4 C:\Users\lcladmin\Documents\eczane\eczanecim\system\Commands\Server\rewrite.php(34): require_once('C:\\Users\\lcladm...')
#5 {main}
